0 info it worked if it ends with ok
1 verbose cli [ '/usr/local/nodejs/bin/node',
1 verbose cli   '/usr/local/nodejs/bin/npm',
1 verbose cli   'start' ]
2 info using npm@3.3.12
3 info using node@v5.3.0
4 verbose run-script [ 'prestart', 'start', 'poststart' ]
5 info lifecycle dustjs-example-hoffman@1.0.0~prestart: dustjs-example-hoffman@1.0.0
6 silly lifecycle dustjs-example-hoffman@1.0.0~prestart: no script for prestart, continuing
7 info lifecycle dustjs-example-hoffman@1.0.0~start: dustjs-example-hoffman@1.0.0
8 verbose lifecycle dustjs-example-hoffman@1.0.0~start: unsafe-perm in lifecycle true
9 verbose lifecycle dustjs-example-hoffman@1.0.0~start: PATH: /usr/local/nodejs/lib/node_modules/npm/bin/node-gyp-bin:/home/nguyenhhien/workspace/nodejs/dustjs/examples/streaming-hoffman/node_modules/.bin:/usr/local/nodejs/bin:/usr/lib/qt-3.3/bin:/usr/local/nodejs/bin:/usr/local/bin:/usr/bin:/bin:/usr/local/sbin:/usr/sbin:/sbin:/home/nguyenhhien/bin
10 verbose lifecycle dustjs-example-hoffman@1.0.0~start: CWD: /home/nguyenhhien/workspace/nodejs/dustjs/examples/streaming-hoffman
11 silly lifecycle dustjs-example-hoffman@1.0.0~start: Args: [ '-c', 'node app.js' ]
12 silly lifecycle dustjs-example-hoffman@1.0.0~start: Returned: code: 1  signal: null
13 info lifecycle dustjs-example-hoffman@1.0.0~start: Failed to exec start script
14 verbose stack Error: dustjs-example-hoffman@1.0.0 start: `node app.js`
14 verbose stack Exit status 1
14 verbose stack     at EventEmitter.<anonymous> (/usr/local/nodejs/lib/node_modules/npm/lib/utils/lifecycle.js:232:16)
14 verbose stack     at emitTwo (events.js:87:13)
14 verbose stack     at EventEmitter.emit (events.js:172:7)
14 verbose stack     at ChildProcess.<anonymous> (/usr/local/nodejs/lib/node_modules/npm/lib/utils/spawn.js:24:14)
14 verbose stack     at emitTwo (events.js:87:13)
14 verbose stack     at ChildProcess.emit (events.js:172:7)
14 verbose stack     at maybeClose (internal/child_process.js:818:16)
14 verbose stack     at Process.ChildProcess._handle.onexit (internal/child_process.js:211:5)
15 verbose pkgid dustjs-example-hoffman@1.0.0
16 verbose cwd /home/nguyenhhien/workspace/nodejs/dustjs/examples/streaming-hoffman
17 error Linux 2.6.32-358.el6.i686
18 error argv "/usr/local/nodejs/bin/node" "/usr/local/nodejs/bin/npm" "start"
19 error node v5.3.0
20 error npm  v3.3.12
21 error code ELIFECYCLE
22 error dustjs-example-hoffman@1.0.0 start: `node app.js`
22 error Exit status 1
23 error Failed at the dustjs-example-hoffman@1.0.0 start script 'node app.js'.
23 error Make sure you have the latest version of node.js and npm installed.
23 error If you do, this is most likely a problem with the dustjs-example-hoffman package,
23 error not with npm itself.
23 error Tell the author that this fails on your system:
23 error     node app.js
23 error You can get their info via:
23 error     npm owner ls dustjs-example-hoffman
23 error There is likely additional logging output above.
24 verbose exit [ 1, true ]
